********************************************************************************
product = Open Liberty 24.0.0.12 (wlp-1.0.96.cl241220241119-0657)
wlp.install.dir = /Users/andreas/Library/CloudStorage/OneDrive-IBM/Dokumente/Consulting/2024/Bundesbank/sample-liberty/guide-getting-started-liberty/finish/target/liberty/wlp/
java.home = /Library/Java/JavaVirtualMachines/jdk-21.jdk/Contents/Home
java.version = 21.0.2
java.runtime = Java(TM) SE Runtime Environment (21.0.2+13-LTS-58)
os = Mac OS X (14.6.1; x86_64) (de_DE)
process = 25893@MBP-von-Andreas.fritz.box
Classpath = /Users/andreas/Library/CloudStorage/OneDrive-IBM/Dokumente/Consulting/2024/Bundesbank/sample-liberty/guide-getting-started-liberty/finish/target/liberty/wlp/bin/tools/ws-server.jar
Java Library path = /Users/andreas/Library/Java/Extensions:/Library/Java/Extensions:/Network/Library/Java/Extensions:/System/Library/Java/Extensions:/usr/lib/java:.
********************************************************************************
[04.12.24, 10:26:11:189 MEZ] 00000001 com.ibm.ws.kernel.launch.internal.FrameworkManager           A CWWKE0001I: Der Server defaultServer wurde gestartet.
[04.12.24, 10:26:12:055 MEZ] 0000002d com.ibm.ws.config.xml.internal.ServerXMLConfiguration        A CWWKG0093A: Konfigurations-Drop-in-Ressource wird verarbeitet: /Users/andreas/Library/CloudStorage/OneDrive-IBM/Dokumente/Consulting/2024/Bundesbank/sample-liberty/guide-getting-started-liberty/finish/target/liberty/wlp/usr/servers/defaultServer/configDropins/overrides/liberty-plugin-variable-config.xml
[04.12.24, 10:26:12:118 MEZ] 00000032 com.ibm.ws.logging.internal.TraceSpecification               I TRAS0018I: Der Tracestatus wurde geändert. Der neue Tracestatus ist *=info:com.ibm.ws.microprofile.health.*=all.
[04.12.24, 10:26:12:346 MEZ] 00000001 com.ibm.ws.kernel.launch.internal.FrameworkManager           I CWWKE0002I: Der Kernel wurde nach  1,525 Sekunden gestartet.
[04.12.24, 10:26:12:359 MEZ] 00000036 com.ibm.ws.kernel.feature.internal.FeatureManager            I CWWKF0007I: Die Featureaktualisierung wurde gestartet.
[04.12.24, 10:26:12:737 MEZ] 00000029 com.ibm.ws.security.ready.internal.SecurityReadyServiceImpl  I CWWKS0007I: Der Sicherheitsservice wird gestartet...
[04.12.24, 10:26:12:989 MEZ] 0000002a com.ibm.ws.app.manager.internal.monitor.DropinMonitor        A CWWKZ0058I: dropins auf Anwendungen überwachen.
[04.12.24, 10:26:13:951 MEZ] 0000002a com.ibm.ws.cache.ServerCache                                 I DYNA1001I: Die Instanz von WebSphere Dynamic Cache mit dem Namen baseCache wurde ordnungsgemäß initialisiert.
[04.12.24, 10:26:13:967 MEZ] 0000002a com.ibm.ws.cache.ServerCache                                 I DYNA1071I: Der Cacheprovider default wird verwendet.
[04.12.24, 10:26:13:968 MEZ] 0000002b org.jboss.weld.Version                                       I WELD-000900: 5.1.1 (SP2)
[04.12.24, 10:26:13:970 MEZ] 0000002a com.ibm.ws.cache.CacheServiceImpl                            I DYNA1056I: Dynamic Cache (Objektcache) wurde erfolgreich initialisiert.
[04.12.24, 10:26:14:222 MEZ] 00000032 com.ibm.ws.ssl.config.WSKeyStore                             A CWPKI0820A: Der Standard-Keystore wurde mit der Umgebungsvariablen 'keystore_password' erstellt.
[04.12.24, 10:26:14:275 MEZ] 00000038 com.ibm.ws.security.token.ltpa.internal.LTPAKeyCreateTask    I CWWKS4105I: Die LTPA-Konfiguration ist nach 0,028 Sekunden bereit.
[04.12.24, 10:26:14:303 MEZ] 00000029 ibm.ws.security.authentication.internal.jaas.JAASServiceImpl I CWWKS1123I: Das Verbundauthentifizierungs-Plug-in mit dem Klassennamen NullCollectiveAuthenticationPlugin wurde aktiviert. 
[04.12.24, 10:26:14:406 MEZ] 00000032 com.ibm.ws.ssl.config.WSKeyStore                             I Successfully loaded default keystore: /Users/andreas/Library/CloudStorage/OneDrive-IBM/Dokumente/Consulting/2024/Bundesbank/sample-liberty/guide-getting-started-liberty/finish/target/liberty/wlp/usr/servers/defaultServer/resources/security/key.p12 of type: PKCS12
[04.12.24, 10:26:15:134 MEZ] 00000029 com.ibm.ws.session.WASSessionCore                            I SESN8501I: Der Sitzungsmanager konnte keine persistente Speicherposition finden. HttpSession-Objekte werden im lokalen Anwendungsserverspeicher gespeichert.
[04.12.24, 10:26:15:161 MEZ] 00000029 .microprofile.metrics.internal.monitor.MonitorMetricsHandler I CWPMI2003I: Die Überwachungsmetriken können über das Feature mpMetrics abgerufen werden.
[04.12.24, 10:26:15:723 MEZ] 00000037 com.ibm.ws.app.manager.AppMessageHelper                      I CWWKZ0018I: Die Anwendung guide-getting-started wird gestartet.
[04.12.24, 10:26:15:734 MEZ] 00000037 bm.ws.app.manager.war.internal.WARDeployedAppInfoFactoryImpl I CWWKZ0134I: Die Anwendung guide-getting-started verwendet die lose Anwendungsdefinition an der Position /Users/andreas/Library/CloudStorage/OneDrive-IBM/Dokumente/Consulting/2024/Bundesbank/sample-liberty/guide-getting-started-liberty/finish/target/liberty/wlp/usr/servers/defaultServer/apps/guide-getting-started.war.xml.
[04.12.24, 10:26:15:993 MEZ] 0000003c com.ibm.ws.webcontainer.osgi.webapp.WebGroup                 I SRVE0169I: Das Webmodul wird geladen: PublicMicroProfileMetrics.
[04.12.24, 10:26:16:000 MEZ] 0000003a com.ibm.ws.webcontainer.osgi.webapp.WebGroup                 I SRVE0169I: Das Webmodul wird geladen: health.
[04.12.24, 10:26:16:007 MEZ] 0000003c com.ibm.ws.webcontainer                                      I SRVE0250I: Das Webmodul PublicMicroProfileMetrics wurde an default_host gebunden.
[04.12.24, 10:26:16:008 MEZ] 0000003a com.ibm.ws.webcontainer                                      I SRVE0250I: Das Webmodul health wurde an default_host gebunden.
[04.12.24, 10:26:16:000 MEZ] 0000003b com.ibm.ws.webcontainer.osgi.webapp.WebGroup                 I SRVE0169I: Das Webmodul wird geladen: ibm/api.
[04.12.24, 10:26:16:009 MEZ] 0000003b com.ibm.ws.webcontainer                                      I SRVE0250I: Das Webmodul ibm/api wurde an default_host gebunden.
[04.12.24, 10:26:16:010 MEZ] 0000003c com.ibm.ws.http.internal.VirtualHostImpl                     A CWWKT0016I: Webanwendung verfügbar: (default_host): http://mbp-von-andreas.fritz.box:9080/metrics/
[04.12.24, 10:26:16:014 MEZ] 0000003b com.ibm.ws.http.internal.VirtualHostImpl                     A CWWKT0016I: Webanwendung verfügbar: (default_host): http://mbp-von-andreas.fritz.box:9080/ibm/api/
[04.12.24, 10:26:16:015 MEZ] 0000003a com.ibm.ws.http.internal.VirtualHostImpl                     A CWWKT0016I: Webanwendung verfügbar: (default_host): http://mbp-von-andreas.fritz.box:9080/health/
[04.12.24, 10:26:16:160 MEZ] 0000003a com.ibm.ws.session.WASSessionCore                            I SESN0176I: Es wird ein neuer Sitzungskontext für den Anwendungsschlüssel default_host/health erstellt.
[04.12.24, 10:26:16:160 MEZ] 0000003c com.ibm.ws.session.WASSessionCore                            I SESN0176I: Es wird ein neuer Sitzungskontext für den Anwendungsschlüssel default_host/ibm/api erstellt.
[04.12.24, 10:26:16:160 MEZ] 00000038 com.ibm.ws.session.WASSessionCore                            I SESN0176I: Es wird ein neuer Sitzungskontext für den Anwendungsschlüssel default_host/metrics erstellt.
[04.12.24, 10:26:16:279 MEZ] 0000003a com.ibm.ws.util                                              I SESN0172I: Der Sitzungsmanager verwendet die SecureRandom-Java-Standardimplementierung für die Generierung von Sitzungs-IDs.
[04.12.24, 10:26:16:298 MEZ] 0000003c com.ibm.ws.util                                              I SESN0172I: Der Sitzungsmanager verwendet die SecureRandom-Java-Standardimplementierung für die Generierung von Sitzungs-IDs.
[04.12.24, 10:26:16:300 MEZ] 00000038 com.ibm.ws.util                                              I SESN0172I: Der Sitzungsmanager verwendet die SecureRandom-Java-Standardimplementierung für die Generierung von Sitzungs-IDs.
[04.12.24, 10:26:16:483 MEZ] 0000003b com.ibm.ws.webcontainer.osgi.mbeans.PluginGenerator          I SRVE9103I: Es wurde automatisch eine Konfigurationsdatei für ein Web-Server-Plug-in für diesen Server unter /Users/andreas/Library/CloudStorage/OneDrive-IBM/Dokumente/Consulting/2024/Bundesbank/sample-liberty/guide-getting-started-liberty/finish/target/liberty/wlp/usr/servers/defaultServer/logs/state/plugin-cfg.xml generiert.
[04.12.24, 10:26:16:557 MEZ] 0000003c com.ibm.ws.cache.CacheServiceImpl                            I DYNA1056I: Dynamic Cache (Objektcache) wurde erfolgreich initialisiert.
[04.12.24, 10:26:16:748 MEZ] 0000003a com.ibm.ws.webcontainer.servlet                              I SRVE0242I: [io.openliberty.microprofile.health.3.1.internal.jakarta] [/health] [HealthCheckReadinessServlet]: Initialisierung erfolgreich.
[04.12.24, 10:26:16:753 MEZ] 0000003a com.ibm.ws.webcontainer.servlet                              I SRVE0242I: [io.openliberty.microprofile.health.3.1.internal.jakarta] [/health] [HealthCheckServlet]: Initialisierung erfolgreich.
[04.12.24, 10:26:16:755 MEZ] 00000038 com.ibm.ws.webcontainer.servlet                              I SRVE0242I: [io.openliberty.microprofile.metrics.5.0.public.internal] [/metrics] [PublicMetricsRESTProxyServlet]: Initialisierung erfolgreich.
[04.12.24, 10:26:16:758 MEZ] 0000003a com.ibm.ws.webcontainer.servlet                              I SRVE0242I: [io.openliberty.microprofile.health.3.1.internal.jakarta] [/health] [HealthCheckStartupServlet]: Initialisierung erfolgreich.
[04.12.24, 10:26:16:761 MEZ] 0000003a com.ibm.ws.webcontainer.servlet                              I SRVE0242I: [io.openliberty.microprofile.health.3.1.internal.jakarta] [/health] [HealthCheckLivenessServlet]: Initialisierung erfolgreich.
[04.12.24, 10:26:18:307 MEZ] 00000037 com.ibm.ws.webcontainer.osgi.webapp.WebGroup                 I SRVE0169I: Das Webmodul wird geladen: Liberty Project.
[04.12.24, 10:26:18:307 MEZ] 00000037 com.ibm.ws.webcontainer                                      I SRVE0250I: Das Webmodul Liberty Project wurde an default_host gebunden.
[04.12.24, 10:26:18:307 MEZ] 00000037 com.ibm.ws.http.internal.VirtualHostImpl                     A CWWKT0016I: Webanwendung verfügbar: (default_host): http://mbp-von-andreas.fritz.box:9080/dev/
[04.12.24, 10:26:18:315 MEZ] 0000003c com.ibm.ws.session.WASSessionCore                            I SESN0176I: Es wird ein neuer Sitzungskontext für den Anwendungsschlüssel default_host/dev erstellt.
[04.12.24, 10:26:18:316 MEZ] 0000003c com.ibm.ws.util                                              I SESN0172I: Der Sitzungsmanager verwendet die SecureRandom-Java-Standardimplementierung für die Generierung von Sitzungs-IDs.
[04.12.24, 10:26:18:351 MEZ] 0000003c com.ibm.ws.app.manager.AppMessageHelper                      A CWWKZ0001I: Die Anwendung guide-getting-started ist nach 2,628 Sekunden gestartet.
[04.12.24, 10:26:18:432 MEZ] 00000038 com.ibm.ws.webcontainer.osgi.mbeans.PluginGenerator          I SRVE9103I: Es wurde automatisch eine Konfigurationsdatei für ein Web-Server-Plug-in für diesen Server unter /Users/andreas/Library/CloudStorage/OneDrive-IBM/Dokumente/Consulting/2024/Bundesbank/sample-liberty/guide-getting-started-liberty/finish/target/liberty/wlp/usr/servers/defaultServer/logs/state/plugin-cfg.xml generiert.
[04.12.24, 10:26:18:453 MEZ] 00000036 com.ibm.ws.tcpchannel.internal.TCPPort                       I CWWKO0219I: Der TCP-Kanal defaultHttpEndpoint wurde gestartet und ist jetzt für Anforderungen auf dem Host *  (IPv6) an Port 9080 empfangsbereit.
[04.12.24, 10:26:18:459 MEZ] 00000036 com.ibm.ws.tcpchannel.internal.TCPPort                       I CWWKO0219I: Der TCP-Kanal defaultHttpEndpoint-ssl wurde gestartet und ist jetzt für Anforderungen auf dem Host *  (IPv6) an Port 9443 empfangsbereit.
[04.12.24, 10:26:18:478 MEZ] 00000036 com.ibm.ws.kernel.feature.internal.FeatureManager            A CWWKF0012I: Im Server wurden die folgenden Features installiert: [cdi-4.0, distributedMap-1.0, jndi-1.0, json-1.0, jsonb-3.0, jsonp-2.1, monitor-1.0, mpConfig-3.1, mpHealth-4.0, mpMetrics-5.1, restfulWS-3.1, restfulWSClient-3.1, ssl-1.0, transportSecurity-1.0].
[04.12.24, 10:26:18:481 MEZ] 00000036 com.ibm.ws.kernel.feature.internal.FeatureManager            I CWWKF0008I: Die Featureaktualisierung wurde in 6,142 Sekunden durchgeführt.
[04.12.24, 10:26:18:482 MEZ] 00000036 com.ibm.ws.kernel.feature.internal.FeatureManager            A CWWKF0011I: Der Server defaultServer ist für die Ausführung von Smarter Planet bereit. Der Server defaultServer ist nach 7,664 Sekunden gestartet.
[04.12.24, 10:26:18:750 MEZ] 0000003c org.jboss.resteasy.resteasy_jaxrs.i18n                       I RESTEASY002225: Deploying jakarta.ws.rs.core.Application: class io.openliberty.sample.system.SystemApplication$Proxy$_$$_WeldClientProxy
[04.12.24, 10:26:18:775 MEZ] 0000003c com.ibm.ws.webcontainer.servlet                              I SRVE0242I: [guide-getting-started] [/dev] [io.openliberty.sample.system.SystemApplication]: Initialisierung erfolgreich.
[04.12.24, 10:26:21:478 MEZ] 0000005b com.ibm.ws.http.internal.VirtualHostImpl                     A CWWKT0017I: Webanwendung entfernt (default_host): http://mbp-von-andreas.fritz.box:9080/dev/
[04.12.24, 10:26:21:479 MEZ] 0000005b com.ibm.ws.webcontainer.servlet                              I SRVE0253I: [guide-getting-started] [/dev] [io.openliberty.sample.system.SystemApplication]: Löschen erfolgreich.
[04.12.24, 10:26:21:510 MEZ] 0000005b com.ibm.ws.app.manager.AppMessageHelper                      A CWWKZ0009I: Die Anwendung guide-getting-started wurde erfolgreich gestoppt.
[04.12.24, 10:26:21:520 MEZ] 0000005b com.ibm.ws.app.manager.AppMessageHelper                      I CWWKZ0018I: Die Anwendung guide-getting-started wird gestartet.
[04.12.24, 10:26:21:522 MEZ] 0000005b bm.ws.app.manager.war.internal.WARDeployedAppInfoFactoryImpl I CWWKZ0134I: Die Anwendung guide-getting-started verwendet die lose Anwendungsdefinition an der Position /Users/andreas/Library/CloudStorage/OneDrive-IBM/Dokumente/Consulting/2024/Bundesbank/sample-liberty/guide-getting-started-liberty/finish/target/liberty/wlp/usr/servers/defaultServer/apps/guide-getting-started.war.xml.
[04.12.24, 10:26:21:560 MEZ] 00000054 com.ibm.ws.webcontainer.osgi.mbeans.PluginGenerator          I SRVE9103I: Es wurde automatisch eine Konfigurationsdatei für ein Web-Server-Plug-in für diesen Server unter /Users/andreas/Library/CloudStorage/OneDrive-IBM/Dokumente/Consulting/2024/Bundesbank/sample-liberty/guide-getting-started-liberty/finish/target/liberty/wlp/usr/servers/defaultServer/logs/state/plugin-cfg.xml generiert.
[04.12.24, 10:26:22:107 MEZ] 0000005b com.ibm.ws.webcontainer.osgi.webapp.WebGroup                 I SRVE0169I: Das Webmodul wird geladen: Liberty Project.
[04.12.24, 10:26:22:107 MEZ] 0000005b com.ibm.ws.webcontainer                                      I SRVE0250I: Das Webmodul Liberty Project wurde an default_host gebunden.
[04.12.24, 10:26:22:108 MEZ] 0000005b com.ibm.ws.http.internal.VirtualHostImpl                     A CWWKT0016I: Webanwendung verfügbar: (default_host): http://mbp-von-andreas.fritz.box:9080/dev/
[04.12.24, 10:26:22:109 MEZ] 0000005e com.ibm.ws.session.WASSessionCore                            I SESN0176I: Es wird ein neuer Sitzungskontext für den Anwendungsschlüssel default_host/dev erstellt.
[04.12.24, 10:26:22:110 MEZ] 0000005e com.ibm.ws.util                                              I SESN0172I: Der Sitzungsmanager verwendet die SecureRandom-Java-Standardimplementierung für die Generierung von Sitzungs-IDs.
[04.12.24, 10:26:22:119 MEZ] 0000005e com.ibm.ws.app.manager.AppMessageHelper                      A CWWKZ0003I: Die Anwendung guide-getting-started wurde nach 0,599 Sekunden aktualisiert.
[04.12.24, 10:26:22:181 MEZ] 00000037 com.ibm.ws.webcontainer.osgi.mbeans.PluginGenerator          I SRVE9103I: Es wurde automatisch eine Konfigurationsdatei für ein Web-Server-Plug-in für diesen Server unter /Users/andreas/Library/CloudStorage/OneDrive-IBM/Dokumente/Consulting/2024/Bundesbank/sample-liberty/guide-getting-started-liberty/finish/target/liberty/wlp/usr/servers/defaultServer/logs/state/plugin-cfg.xml generiert.
[04.12.24, 10:26:22:261 MEZ] 0000005e org.jboss.resteasy.resteasy_jaxrs.i18n                       I RESTEASY002225: Deploying jakarta.ws.rs.core.Application: class io.openliberty.sample.system.SystemApplication$Proxy$_$$_WeldClientProxy
[04.12.24, 10:26:22:269 MEZ] 0000005e com.ibm.ws.webcontainer.servlet                              I SRVE0242I: [guide-getting-started] [/dev] [io.openliberty.sample.system.SystemApplication]: Initialisierung erfolgreich.
[04.12.24, 10:30:57:041 MEZ] 0000003a com.ibm.ws.webcontainer.extension                            W SRVE0190E: Datei nicht gefunden: /metrics
[04.12.24, 10:48:24:513 MEZ] 00000057 com.ibm.ws.http.internal.VirtualHostImpl                     A CWWKT0017I: Webanwendung entfernt (default_host): http://mbp-von-andreas.fritz.box:9080/dev/
[04.12.24, 10:48:24:523 MEZ] 00000057 com.ibm.ws.webcontainer.servlet                              I SRVE0253I: [guide-getting-started] [/dev] [io.openliberty.sample.system.SystemApplication]: Löschen erfolgreich.
[04.12.24, 10:48:24:572 MEZ] 00000057 com.ibm.ws.app.manager.AppMessageHelper                      A CWWKZ0009I: Die Anwendung guide-getting-started wurde erfolgreich gestoppt.
[04.12.24, 10:48:24:604 MEZ] 00000057 com.ibm.ws.app.manager.AppMessageHelper                      I CWWKZ0018I: Die Anwendung guide-getting-started wird gestartet.
[04.12.24, 10:48:24:604 MEZ] 00000057 bm.ws.app.manager.war.internal.WARDeployedAppInfoFactoryImpl I CWWKZ0134I: Die Anwendung guide-getting-started verwendet die lose Anwendungsdefinition an der Position /Users/andreas/Library/CloudStorage/OneDrive-IBM/Dokumente/Consulting/2024/Bundesbank/sample-liberty/guide-getting-started-liberty/finish/target/liberty/wlp/usr/servers/defaultServer/apps/guide-getting-started.war.xml.
[04.12.24, 10:48:24:756 MEZ] 0000005b com.ibm.ws.webcontainer.osgi.mbeans.PluginGenerator          I SRVE9103I: Es wurde automatisch eine Konfigurationsdatei für ein Web-Server-Plug-in für diesen Server unter /Users/andreas/Library/CloudStorage/OneDrive-IBM/Dokumente/Consulting/2024/Bundesbank/sample-liberty/guide-getting-started-liberty/finish/target/liberty/wlp/usr/servers/defaultServer/logs/state/plugin-cfg.xml generiert.
[04.12.24, 10:48:25:499 MEZ] 00000057 com.ibm.ws.webcontainer.osgi.webapp.WebGroup                 I SRVE0169I: Das Webmodul wird geladen: Liberty Project.
[04.12.24, 10:48:25:500 MEZ] 00000057 com.ibm.ws.webcontainer                                      I SRVE0250I: Das Webmodul Liberty Project wurde an default_host gebunden.
[04.12.24, 10:48:25:500 MEZ] 00000057 com.ibm.ws.http.internal.VirtualHostImpl                     A CWWKT0016I: Webanwendung verfügbar: (default_host): http://mbp-von-andreas.fritz.box:9080/dev/
[04.12.24, 10:48:25:505 MEZ] 00000059 com.ibm.ws.session.WASSessionCore                            I SESN0176I: Es wird ein neuer Sitzungskontext für den Anwendungsschlüssel default_host/dev erstellt.
[04.12.24, 10:48:25:505 MEZ] 00000059 com.ibm.ws.util                                              I SESN0172I: Der Sitzungsmanager verwendet die SecureRandom-Java-Standardimplementierung für die Generierung von Sitzungs-IDs.
[04.12.24, 10:48:25:521 MEZ] 00000059 com.ibm.ws.app.manager.AppMessageHelper                      A CWWKZ0003I: Die Anwendung guide-getting-started wurde nach 0,917 Sekunden aktualisiert.
[04.12.24, 10:48:25:596 MEZ] 0000006b com.ibm.ws.webcontainer.osgi.mbeans.PluginGenerator          I SRVE9103I: Es wurde automatisch eine Konfigurationsdatei für ein Web-Server-Plug-in für diesen Server unter /Users/andreas/Library/CloudStorage/OneDrive-IBM/Dokumente/Consulting/2024/Bundesbank/sample-liberty/guide-getting-started-liberty/finish/target/liberty/wlp/usr/servers/defaultServer/logs/state/plugin-cfg.xml generiert.
[04.12.24, 10:48:25:687 MEZ] 00000059 org.jboss.resteasy.resteasy_jaxrs.i18n                       I RESTEASY002225: Deploying jakarta.ws.rs.core.Application: class io.openliberty.sample.system.SystemApplication$Proxy$_$$_WeldClientProxy
[04.12.24, 10:48:25:694 MEZ] 00000059 com.ibm.ws.webcontainer.servlet                              I SRVE0242I: [guide-getting-started] [/dev] [io.openliberty.sample.system.SystemApplication]: Initialisierung erfolgreich.
[04.12.24, 10:50:10:521 MEZ] 0000006b com.ibm.ws.http.internal.VirtualHostImpl                     A CWWKT0017I: Webanwendung entfernt (default_host): http://mbp-von-andreas.fritz.box:9080/dev/
[04.12.24, 10:50:10:524 MEZ] 0000006b com.ibm.ws.webcontainer.servlet                              I SRVE0253I: [guide-getting-started] [/dev] [io.openliberty.sample.system.SystemApplication]: Löschen erfolgreich.
[04.12.24, 10:50:10:540 MEZ] 0000006b com.ibm.ws.app.manager.AppMessageHelper                      A CWWKZ0009I: Die Anwendung guide-getting-started wurde erfolgreich gestoppt.
[04.12.24, 10:50:10:548 MEZ] 0000006b com.ibm.ws.app.manager.AppMessageHelper                      I CWWKZ0018I: Die Anwendung guide-getting-started wird gestartet.
[04.12.24, 10:50:10:548 MEZ] 0000006b bm.ws.app.manager.war.internal.WARDeployedAppInfoFactoryImpl I CWWKZ0134I: Die Anwendung guide-getting-started verwendet die lose Anwendungsdefinition an der Position /Users/andreas/Library/CloudStorage/OneDrive-IBM/Dokumente/Consulting/2024/Bundesbank/sample-liberty/guide-getting-started-liberty/finish/target/liberty/wlp/usr/servers/defaultServer/apps/guide-getting-started.war.xml.
[04.12.24, 10:50:10:629 MEZ] 0000006c com.ibm.ws.webcontainer.osgi.mbeans.PluginGenerator          I SRVE9103I: Es wurde automatisch eine Konfigurationsdatei für ein Web-Server-Plug-in für diesen Server unter /Users/andreas/Library/CloudStorage/OneDrive-IBM/Dokumente/Consulting/2024/Bundesbank/sample-liberty/guide-getting-started-liberty/finish/target/liberty/wlp/usr/servers/defaultServer/logs/state/plugin-cfg.xml generiert.
[04.12.24, 10:50:10:970 MEZ] 0000006b com.ibm.ws.webcontainer.osgi.webapp.WebGroup                 I SRVE0169I: Das Webmodul wird geladen: Liberty Project.
[04.12.24, 10:50:10:970 MEZ] 0000006b com.ibm.ws.webcontainer                                      I SRVE0250I: Das Webmodul Liberty Project wurde an default_host gebunden.
[04.12.24, 10:50:10:973 MEZ] 0000006b com.ibm.ws.http.internal.VirtualHostImpl                     A CWWKT0016I: Webanwendung verfügbar: (default_host): http://mbp-von-andreas.fritz.box:9080/dev/
[04.12.24, 10:50:10:976 MEZ] 00000059 com.ibm.ws.session.WASSessionCore                            I SESN0176I: Es wird ein neuer Sitzungskontext für den Anwendungsschlüssel default_host/dev erstellt.
[04.12.24, 10:50:10:978 MEZ] 00000059 com.ibm.ws.util                                              I SESN0172I: Der Sitzungsmanager verwendet die SecureRandom-Java-Standardimplementierung für die Generierung von Sitzungs-IDs.
[04.12.24, 10:50:10:993 MEZ] 00000059 com.ibm.ws.app.manager.AppMessageHelper                      A CWWKZ0003I: Die Anwendung guide-getting-started wurde nach 0,444 Sekunden aktualisiert.
[04.12.24, 10:50:11:033 MEZ] 00000058 com.ibm.ws.webcontainer.osgi.mbeans.PluginGenerator          I SRVE9103I: Es wurde automatisch eine Konfigurationsdatei für ein Web-Server-Plug-in für diesen Server unter /Users/andreas/Library/CloudStorage/OneDrive-IBM/Dokumente/Consulting/2024/Bundesbank/sample-liberty/guide-getting-started-liberty/finish/target/liberty/wlp/usr/servers/defaultServer/logs/state/plugin-cfg.xml generiert.
[04.12.24, 10:50:11:272 MEZ] 00000059 org.jboss.resteasy.resteasy_jaxrs.i18n                       I RESTEASY002225: Deploying jakarta.ws.rs.core.Application: class io.openliberty.sample.system.SystemApplication$Proxy$_$$_WeldClientProxy
[04.12.24, 10:50:11:362 MEZ] 00000059 com.ibm.ws.webcontainer.servlet                              I SRVE0242I: [guide-getting-started] [/dev] [io.openliberty.sample.system.SystemApplication]: Initialisierung erfolgreich.
[04.12.24, 10:50:56:517 MEZ] 00000057 com.ibm.ws.http.internal.VirtualHostImpl                     A CWWKT0017I: Webanwendung entfernt (default_host): http://mbp-von-andreas.fritz.box:9080/dev/
[04.12.24, 10:50:56:522 MEZ] 00000057 com.ibm.ws.webcontainer.servlet                              I SRVE0253I: [guide-getting-started] [/dev] [io.openliberty.sample.system.SystemApplication]: Löschen erfolgreich.
[04.12.24, 10:50:56:576 MEZ] 00000057 com.ibm.ws.app.manager.AppMessageHelper                      A CWWKZ0009I: Die Anwendung guide-getting-started wurde erfolgreich gestoppt.
[04.12.24, 10:50:56:622 MEZ] 00000057 com.ibm.ws.app.manager.AppMessageHelper                      I CWWKZ0018I: Die Anwendung guide-getting-started wird gestartet.
[04.12.24, 10:50:56:622 MEZ] 00000057 bm.ws.app.manager.war.internal.WARDeployedAppInfoFactoryImpl I CWWKZ0134I: Die Anwendung guide-getting-started verwendet die lose Anwendungsdefinition an der Position /Users/andreas/Library/CloudStorage/OneDrive-IBM/Dokumente/Consulting/2024/Bundesbank/sample-liberty/guide-getting-started-liberty/finish/target/liberty/wlp/usr/servers/defaultServer/apps/guide-getting-started.war.xml.
[04.12.24, 10:50:56:833 MEZ] 0000006c com.ibm.ws.webcontainer.osgi.mbeans.PluginGenerator          I SRVE9103I: Es wurde automatisch eine Konfigurationsdatei für ein Web-Server-Plug-in für diesen Server unter /Users/andreas/Library/CloudStorage/OneDrive-IBM/Dokumente/Consulting/2024/Bundesbank/sample-liberty/guide-getting-started-liberty/finish/target/liberty/wlp/usr/servers/defaultServer/logs/state/plugin-cfg.xml generiert.
[04.12.24, 10:50:57:317 MEZ] 00000057 com.ibm.ws.webcontainer.osgi.webapp.WebGroup                 I SRVE0169I: Das Webmodul wird geladen: Liberty Project.
[04.12.24, 10:50:57:319 MEZ] 00000057 com.ibm.ws.webcontainer                                      I SRVE0250I: Das Webmodul Liberty Project wurde an default_host gebunden.
[04.12.24, 10:50:57:319 MEZ] 00000057 com.ibm.ws.http.internal.VirtualHostImpl                     A CWWKT0016I: Webanwendung verfügbar: (default_host): http://mbp-von-andreas.fritz.box:9080/dev/
[04.12.24, 10:50:57:322 MEZ] 00000058 com.ibm.ws.session.WASSessionCore                            I SESN0176I: Es wird ein neuer Sitzungskontext für den Anwendungsschlüssel default_host/dev erstellt.
[04.12.24, 10:50:57:322 MEZ] 00000058 com.ibm.ws.util                                              I SESN0172I: Der Sitzungsmanager verwendet die SecureRandom-Java-Standardimplementierung für die Generierung von Sitzungs-IDs.
[04.12.24, 10:50:57:372 MEZ] 00000058 com.ibm.ws.app.manager.AppMessageHelper                      A CWWKZ0003I: Die Anwendung guide-getting-started wurde nach 0,750 Sekunden aktualisiert.
[04.12.24, 10:50:57:400 MEZ] 00000057 com.ibm.ws.webcontainer.osgi.mbeans.PluginGenerator          I SRVE9103I: Es wurde automatisch eine Konfigurationsdatei für ein Web-Server-Plug-in für diesen Server unter /Users/andreas/Library/CloudStorage/OneDrive-IBM/Dokumente/Consulting/2024/Bundesbank/sample-liberty/guide-getting-started-liberty/finish/target/liberty/wlp/usr/servers/defaultServer/logs/state/plugin-cfg.xml generiert.
[04.12.24, 10:50:57:468 MEZ] 00000058 org.jboss.resteasy.resteasy_jaxrs.i18n                       I RESTEASY002225: Deploying jakarta.ws.rs.core.Application: class io.openliberty.sample.system.SystemApplication$Proxy$_$$_WeldClientProxy
[04.12.24, 10:50:57:475 MEZ] 00000058 com.ibm.ws.webcontainer.servlet                              I SRVE0242I: [guide-getting-started] [/dev] [io.openliberty.sample.system.SystemApplication]: Initialisierung erfolgreich.
[04.12.24, 11:02:22:637 MEZ] 0000008e com.ibm.ws.config.xml.internal.ConfigRefresher               A CWWKG0016I: Die Aktualisierung der Serverkonfiguration wird gestartet.
[04.12.24, 11:02:22:648 MEZ] 0000008e com.ibm.ws.config.xml.internal.ServerXMLConfiguration        A CWWKG0093A: Konfigurations-Drop-in-Ressource wird verarbeitet: /Users/andreas/Library/CloudStorage/OneDrive-IBM/Dokumente/Consulting/2024/Bundesbank/sample-liberty/guide-getting-started-liberty/finish/target/liberty/wlp/usr/servers/defaultServer/configDropins/overrides/liberty-plugin-variable-config.xml
[04.12.24, 11:02:22:686 MEZ] 0000008e com.ibm.ws.config.xml.internal.ConfigRefresher               A CWWKG0018I: Die Serverkonfiguration wurde nicht aktualisiert. Es wurden keine funktionalen Änderungen erkannt.
[04.12.24, 11:02:22:842 MEZ] 0000006d com.ibm.ws.http.internal.VirtualHostImpl                     A CWWKT0017I: Webanwendung entfernt (default_host): http://mbp-von-andreas.fritz.box:9080/dev/
[04.12.24, 11:02:22:850 MEZ] 0000006d com.ibm.ws.webcontainer.servlet                              I SRVE0253I: [guide-getting-started] [/dev] [io.openliberty.sample.system.SystemApplication]: Löschen erfolgreich.
[04.12.24, 11:02:22:873 MEZ] 0000006d com.ibm.ws.app.manager.AppMessageHelper                      A CWWKZ0009I: Die Anwendung guide-getting-started wurde erfolgreich gestoppt.
[04.12.24, 11:02:22:883 MEZ] 0000006d com.ibm.ws.app.manager.AppMessageHelper                      I CWWKZ0018I: Die Anwendung guide-getting-started wird gestartet.
[04.12.24, 11:02:22:884 MEZ] 0000006d bm.ws.app.manager.war.internal.WARDeployedAppInfoFactoryImpl I CWWKZ0134I: Die Anwendung guide-getting-started verwendet die lose Anwendungsdefinition an der Position /Users/andreas/Library/CloudStorage/OneDrive-IBM/Dokumente/Consulting/2024/Bundesbank/sample-liberty/guide-getting-started-liberty/finish/target/liberty/wlp/usr/servers/defaultServer/apps/guide-getting-started.war.xml.
[04.12.24, 11:02:22:936 MEZ] 00000052 com.ibm.ws.webcontainer.osgi.mbeans.PluginGenerator          I SRVE9103I: Es wurde automatisch eine Konfigurationsdatei für ein Web-Server-Plug-in für diesen Server unter /Users/andreas/Library/CloudStorage/OneDrive-IBM/Dokumente/Consulting/2024/Bundesbank/sample-liberty/guide-getting-started-liberty/finish/target/liberty/wlp/usr/servers/defaultServer/logs/state/plugin-cfg.xml generiert.
[04.12.24, 11:02:23:436 MEZ] 0000006d com.ibm.ws.webcontainer.osgi.webapp.WebGroup                 I SRVE0169I: Das Webmodul wird geladen: Liberty Project.
[04.12.24, 11:02:23:436 MEZ] 0000006d com.ibm.ws.webcontainer                                      I SRVE0250I: Das Webmodul Liberty Project wurde an default_host gebunden.
[04.12.24, 11:02:23:436 MEZ] 0000006d com.ibm.ws.http.internal.VirtualHostImpl                     A CWWKT0016I: Webanwendung verfügbar: (default_host): http://mbp-von-andreas.fritz.box:9080/dev/
[04.12.24, 11:02:23:438 MEZ] 00000087 com.ibm.ws.session.WASSessionCore                            I SESN0176I: Es wird ein neuer Sitzungskontext für den Anwendungsschlüssel default_host/dev erstellt.
[04.12.24, 11:02:23:440 MEZ] 00000087 com.ibm.ws.util                                              I SESN0172I: Der Sitzungsmanager verwendet die SecureRandom-Java-Standardimplementierung für die Generierung von Sitzungs-IDs.
[04.12.24, 11:02:23:453 MEZ] 00000087 com.ibm.ws.app.manager.AppMessageHelper                      A CWWKZ0003I: Die Anwendung guide-getting-started wurde nach 0,569 Sekunden aktualisiert.
[04.12.24, 11:02:23:738 MEZ] 00000036 com.ibm.ws.webcontainer.osgi.mbeans.PluginGenerator          I SRVE9103I: Es wurde automatisch eine Konfigurationsdatei für ein Web-Server-Plug-in für diesen Server unter /Users/andreas/Library/CloudStorage/OneDrive-IBM/Dokumente/Consulting/2024/Bundesbank/sample-liberty/guide-getting-started-liberty/finish/target/liberty/wlp/usr/servers/defaultServer/logs/state/plugin-cfg.xml generiert.
[04.12.24, 11:02:23:998 MEZ] 00000087 org.jboss.resteasy.resteasy_jaxrs.i18n                       I RESTEASY002225: Deploying jakarta.ws.rs.core.Application: class io.openliberty.sample.system.SystemApplication$Proxy$_$$_WeldClientProxy
[04.12.24, 11:02:24:030 MEZ] 00000087 com.ibm.ws.webcontainer.servlet                              I SRVE0242I: [guide-getting-started] [/dev] [io.openliberty.sample.system.SystemApplication]: Initialisierung erfolgreich.
[04.12.24, 11:03:12:306 MEZ] 00000037 com.ibm.ws.http.internal.VirtualHostImpl                     A CWWKT0017I: Webanwendung entfernt (default_host): http://mbp-von-andreas.fritz.box:9080/dev/
[04.12.24, 11:03:12:308 MEZ] 00000037 com.ibm.ws.webcontainer.servlet                              I SRVE0253I: [guide-getting-started] [/dev] [io.openliberty.sample.system.SystemApplication]: Löschen erfolgreich.
[04.12.24, 11:03:12:367 MEZ] 00000037 com.ibm.ws.app.manager.AppMessageHelper                      A CWWKZ0009I: Die Anwendung guide-getting-started wurde erfolgreich gestoppt.
[04.12.24, 11:03:12:411 MEZ] 00000037 com.ibm.ws.app.manager.AppMessageHelper                      I CWWKZ0018I: Die Anwendung guide-getting-started wird gestartet.
[04.12.24, 11:03:12:413 MEZ] 00000037 bm.ws.app.manager.war.internal.WARDeployedAppInfoFactoryImpl I CWWKZ0134I: Die Anwendung guide-getting-started verwendet die lose Anwendungsdefinition an der Position /Users/andreas/Library/CloudStorage/OneDrive-IBM/Dokumente/Consulting/2024/Bundesbank/sample-liberty/guide-getting-started-liberty/finish/target/liberty/wlp/usr/servers/defaultServer/apps/guide-getting-started.war.xml.
[04.12.24, 11:03:12:614 MEZ] 00000071 com.ibm.ws.webcontainer.osgi.mbeans.PluginGenerator          I SRVE9103I: Es wurde automatisch eine Konfigurationsdatei für ein Web-Server-Plug-in für diesen Server unter /Users/andreas/Library/CloudStorage/OneDrive-IBM/Dokumente/Consulting/2024/Bundesbank/sample-liberty/guide-getting-started-liberty/finish/target/liberty/wlp/usr/servers/defaultServer/logs/state/plugin-cfg.xml generiert.
[04.12.24, 11:03:13:128 MEZ] 00000037 com.ibm.ws.webcontainer.osgi.webapp.WebGroup                 I SRVE0169I: Das Webmodul wird geladen: Liberty Project.
[04.12.24, 11:03:13:129 MEZ] 00000037 com.ibm.ws.webcontainer                                      I SRVE0250I: Das Webmodul Liberty Project wurde an default_host gebunden.
[04.12.24, 11:03:13:130 MEZ] 00000037 com.ibm.ws.http.internal.VirtualHostImpl                     A CWWKT0016I: Webanwendung verfügbar: (default_host): http://mbp-von-andreas.fritz.box:9080/dev/
[04.12.24, 11:03:13:133 MEZ] 0000006d com.ibm.ws.session.WASSessionCore                            I SESN0176I: Es wird ein neuer Sitzungskontext für den Anwendungsschlüssel default_host/dev erstellt.
[04.12.24, 11:03:13:133 MEZ] 0000006d com.ibm.ws.util                                              I SESN0172I: Der Sitzungsmanager verwendet die SecureRandom-Java-Standardimplementierung für die Generierung von Sitzungs-IDs.
[04.12.24, 11:03:13:157 MEZ] 0000006d com.ibm.ws.app.manager.AppMessageHelper                      A CWWKZ0003I: Die Anwendung guide-getting-started wurde nach 0,745 Sekunden aktualisiert.
[04.12.24, 11:03:13:183 MEZ] 00000071 com.ibm.ws.webcontainer.osgi.mbeans.PluginGenerator          I SRVE9103I: Es wurde automatisch eine Konfigurationsdatei für ein Web-Server-Plug-in für diesen Server unter /Users/andreas/Library/CloudStorage/OneDrive-IBM/Dokumente/Consulting/2024/Bundesbank/sample-liberty/guide-getting-started-liberty/finish/target/liberty/wlp/usr/servers/defaultServer/logs/state/plugin-cfg.xml generiert.
[04.12.24, 11:03:13:221 MEZ] 0000006d org.jboss.resteasy.resteasy_jaxrs.i18n                       I RESTEASY002225: Deploying jakarta.ws.rs.core.Application: class io.openliberty.sample.system.SystemApplication$Proxy$_$$_WeldClientProxy
[04.12.24, 11:03:13:223 MEZ] 0000006d com.ibm.ws.webcontainer.servlet                              I SRVE0242I: [guide-getting-started] [/dev] [io.openliberty.sample.system.SystemApplication]: Initialisierung erfolgreich.
[04.12.24, 11:03:18:269 MEZ] 0000006d SystemOut                                                    O JSON Object: {"URL":"http://test.de"}
[04.12.24, 11:04:26:106 MEZ] 0000006d com.ibm.ws.http.internal.VirtualHostImpl                     A CWWKT0017I: Webanwendung entfernt (default_host): http://mbp-von-andreas.fritz.box:9080/dev/
[04.12.24, 11:04:26:109 MEZ] 0000006d com.ibm.ws.webcontainer.servlet                              I SRVE0253I: [guide-getting-started] [/dev] [io.openliberty.sample.system.SystemApplication]: Löschen erfolgreich.
[04.12.24, 11:04:26:133 MEZ] 0000006d com.ibm.ws.app.manager.AppMessageHelper                      A CWWKZ0009I: Die Anwendung guide-getting-started wurde erfolgreich gestoppt.
[04.12.24, 11:04:26:140 MEZ] 0000006d com.ibm.ws.app.manager.AppMessageHelper                      I CWWKZ0018I: Die Anwendung guide-getting-started wird gestartet.
[04.12.24, 11:04:26:140 MEZ] 0000006d bm.ws.app.manager.war.internal.WARDeployedAppInfoFactoryImpl I CWWKZ0134I: Die Anwendung guide-getting-started verwendet die lose Anwendungsdefinition an der Position /Users/andreas/Library/CloudStorage/OneDrive-IBM/Dokumente/Consulting/2024/Bundesbank/sample-liberty/guide-getting-started-liberty/finish/target/liberty/wlp/usr/servers/defaultServer/apps/guide-getting-started.war.xml.
[04.12.24, 11:04:26:209 MEZ] 0000003a com.ibm.ws.webcontainer.osgi.mbeans.PluginGenerator          I SRVE9103I: Es wurde automatisch eine Konfigurationsdatei für ein Web-Server-Plug-in für diesen Server unter /Users/andreas/Library/CloudStorage/OneDrive-IBM/Dokumente/Consulting/2024/Bundesbank/sample-liberty/guide-getting-started-liberty/finish/target/liberty/wlp/usr/servers/defaultServer/logs/state/plugin-cfg.xml generiert.
[04.12.24, 11:04:26:530 MEZ] 0000006d com.ibm.ws.webcontainer.osgi.webapp.WebGroup                 I SRVE0169I: Das Webmodul wird geladen: Liberty Project.
[04.12.24, 11:04:26:530 MEZ] 0000006d com.ibm.ws.webcontainer                                      I SRVE0250I: Das Webmodul Liberty Project wurde an default_host gebunden.
[04.12.24, 11:04:26:530 MEZ] 0000006d com.ibm.ws.http.internal.VirtualHostImpl                     A CWWKT0016I: Webanwendung verfügbar: (default_host): http://mbp-von-andreas.fritz.box:9080/dev/
[04.12.24, 11:04:26:531 MEZ] 00000037 com.ibm.ws.session.WASSessionCore                            I SESN0176I: Es wird ein neuer Sitzungskontext für den Anwendungsschlüssel default_host/dev erstellt.
[04.12.24, 11:04:26:531 MEZ] 00000037 com.ibm.ws.util                                              I SESN0172I: Der Sitzungsmanager verwendet die SecureRandom-Java-Standardimplementierung für die Generierung von Sitzungs-IDs.
[04.12.24, 11:04:26:541 MEZ] 00000037 com.ibm.ws.app.manager.AppMessageHelper                      A CWWKZ0003I: Die Anwendung guide-getting-started wurde nach 0,400 Sekunden aktualisiert.
[04.12.24, 11:04:26:562 MEZ] 0000006d com.ibm.ws.webcontainer.osgi.mbeans.PluginGenerator          I SRVE9103I: Es wurde automatisch eine Konfigurationsdatei für ein Web-Server-Plug-in für diesen Server unter /Users/andreas/Library/CloudStorage/OneDrive-IBM/Dokumente/Consulting/2024/Bundesbank/sample-liberty/guide-getting-started-liberty/finish/target/liberty/wlp/usr/servers/defaultServer/logs/state/plugin-cfg.xml generiert.
[04.12.24, 11:04:26:919 MEZ] 00000037 org.jboss.resteasy.resteasy_jaxrs.i18n                       I RESTEASY002225: Deploying jakarta.ws.rs.core.Application: class io.openliberty.sample.system.SystemApplication$Proxy$_$$_WeldClientProxy
[04.12.24, 11:04:27:005 MEZ] 00000037 com.ibm.ws.webcontainer.servlet                              I SRVE0242I: [guide-getting-started] [/dev] [io.openliberty.sample.system.SystemApplication]: Initialisierung erfolgreich.
[04.12.24, 11:04:39:765 MEZ] 0000003c SystemOut                                                    O JSON Object: {"URL":"http://test.de"}
[04.12.24, 11:13:46:503 MEZ] 0000003c com.ibm.ws.http.internal.VirtualHostImpl                     A CWWKT0017I: Webanwendung entfernt (default_host): http://mbp-von-andreas.fritz.box:9080/dev/
[04.12.24, 11:13:46:506 MEZ] 0000003c com.ibm.ws.webcontainer.servlet                              I SRVE0253I: [guide-getting-started] [/dev] [io.openliberty.sample.system.SystemApplication]: Löschen erfolgreich.
[04.12.24, 11:13:46:548 MEZ] 0000003c com.ibm.ws.app.manager.AppMessageHelper                      A CWWKZ0009I: Die Anwendung guide-getting-started wurde erfolgreich gestoppt.
[04.12.24, 11:13:46:594 MEZ] 0000003c com.ibm.ws.app.manager.AppMessageHelper                      I CWWKZ0018I: Die Anwendung guide-getting-started wird gestartet.
[04.12.24, 11:13:46:595 MEZ] 0000003c bm.ws.app.manager.war.internal.WARDeployedAppInfoFactoryImpl I CWWKZ0134I: Die Anwendung guide-getting-started verwendet die lose Anwendungsdefinition an der Position /Users/andreas/Library/CloudStorage/OneDrive-IBM/Dokumente/Consulting/2024/Bundesbank/sample-liberty/guide-getting-started-liberty/finish/target/liberty/wlp/usr/servers/defaultServer/apps/guide-getting-started.war.xml.
[04.12.24, 11:13:46:834 MEZ] 00000056 com.ibm.ws.webcontainer.osgi.mbeans.PluginGenerator          I SRVE9103I: Es wurde automatisch eine Konfigurationsdatei für ein Web-Server-Plug-in für diesen Server unter /Users/andreas/Library/CloudStorage/OneDrive-IBM/Dokumente/Consulting/2024/Bundesbank/sample-liberty/guide-getting-started-liberty/finish/target/liberty/wlp/usr/servers/defaultServer/logs/state/plugin-cfg.xml generiert.
[04.12.24, 11:13:47:272 MEZ] 0000003c com.ibm.ws.webcontainer.osgi.webapp.WebGroup                 I SRVE0169I: Das Webmodul wird geladen: Liberty Project.
[04.12.24, 11:13:47:274 MEZ] 0000003c com.ibm.ws.webcontainer                                      I SRVE0250I: Das Webmodul Liberty Project wurde an default_host gebunden.
[04.12.24, 11:13:47:274 MEZ] 0000003c com.ibm.ws.http.internal.VirtualHostImpl                     A CWWKT0016I: Webanwendung verfügbar: (default_host): http://mbp-von-andreas.fritz.box:9080/dev/
[04.12.24, 11:13:47:277 MEZ] 00000087 com.ibm.ws.session.WASSessionCore                            I SESN0176I: Es wird ein neuer Sitzungskontext für den Anwendungsschlüssel default_host/dev erstellt.
[04.12.24, 11:13:47:279 MEZ] 00000087 com.ibm.ws.util                                              I SESN0172I: Der Sitzungsmanager verwendet die SecureRandom-Java-Standardimplementierung für die Generierung von Sitzungs-IDs.
[04.12.24, 11:13:47:297 MEZ] 00000087 com.ibm.ws.app.manager.AppMessageHelper                      A CWWKZ0003I: Die Anwendung guide-getting-started wurde nach 0,702 Sekunden aktualisiert.
[04.12.24, 11:13:47:337 MEZ] 00000057 com.ibm.ws.webcontainer.osgi.mbeans.PluginGenerator          I SRVE9103I: Es wurde automatisch eine Konfigurationsdatei für ein Web-Server-Plug-in für diesen Server unter /Users/andreas/Library/CloudStorage/OneDrive-IBM/Dokumente/Consulting/2024/Bundesbank/sample-liberty/guide-getting-started-liberty/finish/target/liberty/wlp/usr/servers/defaultServer/logs/state/plugin-cfg.xml generiert.
[04.12.24, 11:13:47:374 MEZ] 00000087 org.jboss.resteasy.resteasy_jaxrs.i18n                       I RESTEASY002225: Deploying jakarta.ws.rs.core.Application: class io.openliberty.sample.system.SystemApplication$Proxy$_$$_WeldClientProxy
[04.12.24, 11:13:47:379 MEZ] 00000087 com.ibm.ws.webcontainer.servlet                              I SRVE0242I: [guide-getting-started] [/dev] [io.openliberty.sample.system.SystemApplication]: Initialisierung erfolgreich.
[04.12.24, 11:14:16:362 MEZ] 00000037 com.ibm.ws.http.internal.VirtualHostImpl                     A CWWKT0017I: Webanwendung entfernt (default_host): http://mbp-von-andreas.fritz.box:9080/dev/
[04.12.24, 11:14:16:363 MEZ] 00000037 com.ibm.ws.webcontainer.servlet                              I SRVE0253I: [guide-getting-started] [/dev] [io.openliberty.sample.system.SystemApplication]: Löschen erfolgreich.
[04.12.24, 11:14:16:371 MEZ] 00000037 com.ibm.ws.app.manager.AppMessageHelper                      A CWWKZ0009I: Die Anwendung guide-getting-started wurde erfolgreich gestoppt.
[04.12.24, 11:14:16:377 MEZ] 00000037 com.ibm.ws.app.manager.AppMessageHelper                      I CWWKZ0018I: Die Anwendung guide-getting-started wird gestartet.
[04.12.24, 11:14:16:378 MEZ] 00000037 bm.ws.app.manager.war.internal.WARDeployedAppInfoFactoryImpl I CWWKZ0134I: Die Anwendung guide-getting-started verwendet die lose Anwendungsdefinition an der Position /Users/andreas/Library/CloudStorage/OneDrive-IBM/Dokumente/Consulting/2024/Bundesbank/sample-liberty/guide-getting-started-liberty/finish/target/liberty/wlp/usr/servers/defaultServer/apps/guide-getting-started.war.xml.
[04.12.24, 11:14:16:419 MEZ] 00000052 com.ibm.ws.webcontainer.osgi.mbeans.PluginGenerator          I SRVE9103I: Es wurde automatisch eine Konfigurationsdatei für ein Web-Server-Plug-in für diesen Server unter /Users/andreas/Library/CloudStorage/OneDrive-IBM/Dokumente/Consulting/2024/Bundesbank/sample-liberty/guide-getting-started-liberty/finish/target/liberty/wlp/usr/servers/defaultServer/logs/state/plugin-cfg.xml generiert.
[04.12.24, 11:14:16:727 MEZ] 00000037 com.ibm.ws.webcontainer.osgi.webapp.WebGroup                 I SRVE0169I: Das Webmodul wird geladen: Liberty Project.
[04.12.24, 11:14:16:727 MEZ] 00000037 com.ibm.ws.webcontainer                                      I SRVE0250I: Das Webmodul Liberty Project wurde an default_host gebunden.
[04.12.24, 11:14:16:727 MEZ] 00000037 com.ibm.ws.http.internal.VirtualHostImpl                     A CWWKT0016I: Webanwendung verfügbar: (default_host): http://mbp-von-andreas.fritz.box:9080/dev/
[04.12.24, 11:14:16:728 MEZ] 00000036 com.ibm.ws.session.WASSessionCore                            I SESN0176I: Es wird ein neuer Sitzungskontext für den Anwendungsschlüssel default_host/dev erstellt.
[04.12.24, 11:14:16:728 MEZ] 00000036 com.ibm.ws.util                                              I SESN0172I: Der Sitzungsmanager verwendet die SecureRandom-Java-Standardimplementierung für die Generierung von Sitzungs-IDs.
[04.12.24, 11:14:16:742 MEZ] 00000036 com.ibm.ws.app.manager.AppMessageHelper                      A CWWKZ0003I: Die Anwendung guide-getting-started wurde nach 0,364 Sekunden aktualisiert.
[04.12.24, 11:14:17:220 MEZ] 00000036 org.jboss.resteasy.resteasy_jaxrs.i18n                       I RESTEASY002225: Deploying jakarta.ws.rs.core.Application: class io.openliberty.sample.system.SystemApplication$Proxy$_$$_WeldClientProxy
[04.12.24, 11:14:17:310 MEZ] 00000057 com.ibm.ws.webcontainer.osgi.mbeans.PluginGenerator          I SRVE9103I: Es wurde automatisch eine Konfigurationsdatei für ein Web-Server-Plug-in für diesen Server unter /Users/andreas/Library/CloudStorage/OneDrive-IBM/Dokumente/Consulting/2024/Bundesbank/sample-liberty/guide-getting-started-liberty/finish/target/liberty/wlp/usr/servers/defaultServer/logs/state/plugin-cfg.xml generiert.
[04.12.24, 11:14:17:343 MEZ] 00000036 com.ibm.ws.webcontainer.servlet                              I SRVE0242I: [guide-getting-started] [/dev] [io.openliberty.sample.system.SystemApplication]: Initialisierung erfolgreich.
[04.12.24, 11:25:12:279 MEZ] 0000005c com.ibm.ws.http.internal.VirtualHostImpl                     A CWWKT0017I: Webanwendung entfernt (default_host): http://mbp-von-andreas.fritz.box:9080/dev/
[04.12.24, 11:25:12:281 MEZ] 0000005c com.ibm.ws.webcontainer.servlet                              I SRVE0253I: [guide-getting-started] [/dev] [io.openliberty.sample.system.SystemApplication]: Löschen erfolgreich.
[04.12.24, 11:25:12:365 MEZ] 0000005c com.ibm.ws.app.manager.AppMessageHelper                      A CWWKZ0009I: Die Anwendung guide-getting-started wurde erfolgreich gestoppt.
[04.12.24, 11:25:12:445 MEZ] 0000005c com.ibm.ws.app.manager.AppMessageHelper                      I CWWKZ0018I: Die Anwendung guide-getting-started wird gestartet.
[04.12.24, 11:25:12:446 MEZ] 0000005c bm.ws.app.manager.war.internal.WARDeployedAppInfoFactoryImpl I CWWKZ0134I: Die Anwendung guide-getting-started verwendet die lose Anwendungsdefinition an der Position /Users/andreas/Library/CloudStorage/OneDrive-IBM/Dokumente/Consulting/2024/Bundesbank/sample-liberty/guide-getting-started-liberty/finish/target/liberty/wlp/usr/servers/defaultServer/apps/guide-getting-started.war.xml.
[04.12.24, 11:25:12:529 MEZ] 00000057 com.ibm.ws.webcontainer.osgi.mbeans.PluginGenerator          I SRVE9103I: Es wurde automatisch eine Konfigurationsdatei für ein Web-Server-Plug-in für diesen Server unter /Users/andreas/Library/CloudStorage/OneDrive-IBM/Dokumente/Consulting/2024/Bundesbank/sample-liberty/guide-getting-started-liberty/finish/target/liberty/wlp/usr/servers/defaultServer/logs/state/plugin-cfg.xml generiert.
[04.12.24, 11:25:13:201 MEZ] 0000005c com.ibm.ws.webcontainer.osgi.webapp.WebGroup                 I SRVE0169I: Das Webmodul wird geladen: Liberty Project.
[04.12.24, 11:25:13:202 MEZ] 0000005c com.ibm.ws.webcontainer                                      I SRVE0250I: Das Webmodul Liberty Project wurde an default_host gebunden.
[04.12.24, 11:25:13:202 MEZ] 0000005c com.ibm.ws.http.internal.VirtualHostImpl                     A CWWKT0016I: Webanwendung verfügbar: (default_host): http://mbp-von-andreas.fritz.box:9080/dev/
[04.12.24, 11:25:13:206 MEZ] 0000006d com.ibm.ws.session.WASSessionCore                            I SESN0176I: Es wird ein neuer Sitzungskontext für den Anwendungsschlüssel default_host/dev erstellt.
[04.12.24, 11:25:13:206 MEZ] 0000006d com.ibm.ws.util                                              I SESN0172I: Der Sitzungsmanager verwendet die SecureRandom-Java-Standardimplementierung für die Generierung von Sitzungs-IDs.
[04.12.24, 11:25:13:224 MEZ] 0000006d com.ibm.ws.app.manager.AppMessageHelper                      A CWWKZ0003I: Die Anwendung guide-getting-started wurde nach 0,778 Sekunden aktualisiert.
[04.12.24, 11:25:13:241 MEZ] 0000008e com.ibm.ws.webcontainer.osgi.mbeans.PluginGenerator          I SRVE9103I: Es wurde automatisch eine Konfigurationsdatei für ein Web-Server-Plug-in für diesen Server unter /Users/andreas/Library/CloudStorage/OneDrive-IBM/Dokumente/Consulting/2024/Bundesbank/sample-liberty/guide-getting-started-liberty/finish/target/liberty/wlp/usr/servers/defaultServer/logs/state/plugin-cfg.xml generiert.
[04.12.24, 11:25:13:312 MEZ] 0000006d org.jboss.resteasy.resteasy_jaxrs.i18n                       I RESTEASY002225: Deploying jakarta.ws.rs.core.Application: class io.openliberty.sample.system.SystemApplication$Proxy$_$$_WeldClientProxy
[04.12.24, 11:25:13:315 MEZ] 0000006d com.ibm.ws.webcontainer.servlet                              I SRVE0242I: [guide-getting-started] [/dev] [io.openliberty.sample.system.SystemApplication]: Initialisierung erfolgreich.
[04.12.24, 11:25:56:364 MEZ] 00000087 com.ibm.ws.http.internal.VirtualHostImpl                     A CWWKT0017I: Webanwendung entfernt (default_host): http://mbp-von-andreas.fritz.box:9080/dev/
[04.12.24, 11:25:56:364 MEZ] 00000087 com.ibm.ws.webcontainer.servlet                              I SRVE0253I: [guide-getting-started] [/dev] [io.openliberty.sample.system.SystemApplication]: Löschen erfolgreich.
[04.12.24, 11:25:56:381 MEZ] 00000087 com.ibm.ws.app.manager.AppMessageHelper                      A CWWKZ0009I: Die Anwendung guide-getting-started wurde erfolgreich gestoppt.
[04.12.24, 11:25:56:395 MEZ] 00000087 com.ibm.ws.app.manager.AppMessageHelper                      I CWWKZ0018I: Die Anwendung guide-getting-started wird gestartet.
[04.12.24, 11:25:56:398 MEZ] 00000087 bm.ws.app.manager.war.internal.WARDeployedAppInfoFactoryImpl I CWWKZ0134I: Die Anwendung guide-getting-started verwendet die lose Anwendungsdefinition an der Position /Users/andreas/Library/CloudStorage/OneDrive-IBM/Dokumente/Consulting/2024/Bundesbank/sample-liberty/guide-getting-started-liberty/finish/target/liberty/wlp/usr/servers/defaultServer/apps/guide-getting-started.war.xml.
[04.12.24, 11:25:56:440 MEZ] 0000005c com.ibm.ws.webcontainer.osgi.mbeans.PluginGenerator          I SRVE9103I: Es wurde automatisch eine Konfigurationsdatei für ein Web-Server-Plug-in für diesen Server unter /Users/andreas/Library/CloudStorage/OneDrive-IBM/Dokumente/Consulting/2024/Bundesbank/sample-liberty/guide-getting-started-liberty/finish/target/liberty/wlp/usr/servers/defaultServer/logs/state/plugin-cfg.xml generiert.
[04.12.24, 11:25:57:589 MEZ] 00000087 com.ibm.ws.webcontainer.osgi.webapp.WebGroup                 I SRVE0169I: Das Webmodul wird geladen: Liberty Project.
[04.12.24, 11:25:57:592 MEZ] 00000087 com.ibm.ws.webcontainer                                      I SRVE0250I: Das Webmodul Liberty Project wurde an default_host gebunden.
[04.12.24, 11:25:57:593 MEZ] 00000087 com.ibm.ws.http.internal.VirtualHostImpl                     A CWWKT0016I: Webanwendung verfügbar: (default_host): http://mbp-von-andreas.fritz.box:9080/dev/
[04.12.24, 11:25:57:610 MEZ] 000000ce com.ibm.ws.session.WASSessionCore                            I SESN0176I: Es wird ein neuer Sitzungskontext für den Anwendungsschlüssel default_host/dev erstellt.
[04.12.24, 11:25:57:611 MEZ] 000000ce com.ibm.ws.util                                              I SESN0172I: Der Sitzungsmanager verwendet die SecureRandom-Java-Standardimplementierung für die Generierung von Sitzungs-IDs.
[04.12.24, 11:25:57:671 MEZ] 000000ce com.ibm.ws.app.manager.AppMessageHelper                      A CWWKZ0003I: Die Anwendung guide-getting-started wurde nach 1,275 Sekunden aktualisiert.
[04.12.24, 11:25:57:914 MEZ] 000000ce org.jboss.resteasy.resteasy_jaxrs.i18n                       I RESTEASY002225: Deploying jakarta.ws.rs.core.Application: class io.openliberty.sample.system.SystemApplication$Proxy$_$$_WeldClientProxy
[04.12.24, 11:25:57:925 MEZ] 0000005c com.ibm.ws.webcontainer.osgi.mbeans.PluginGenerator          I SRVE9103I: Es wurde automatisch eine Konfigurationsdatei für ein Web-Server-Plug-in für diesen Server unter /Users/andreas/Library/CloudStorage/OneDrive-IBM/Dokumente/Consulting/2024/Bundesbank/sample-liberty/guide-getting-started-liberty/finish/target/liberty/wlp/usr/servers/defaultServer/logs/state/plugin-cfg.xml generiert.
[04.12.24, 11:25:57:927 MEZ] 000000ce com.ibm.ws.webcontainer.servlet                              I SRVE0242I: [guide-getting-started] [/dev] [io.openliberty.sample.system.SystemApplication]: Initialisierung erfolgreich.
[04.12.24, 11:27:05:394 MEZ] 00000089 SystemOut                                                    O JSON Object: {"Url":"https://httpbin.org/get"}
[04.12.24, 11:27:05:422 MEZ] 00000089 enliberty.restfulws.mpmetrics.MetricsRestfulWsEMCallbackImpl W CWPMI2006W: Der Mapper für Ausnahmen von MicroProfile Metrics hat eine nicht behandelte Ausnahme von der REST-konformen Web-Service-Anwendung erkannt und bearbeitet. 
                                                                                                               java.lang.NoSuchMethodError: 'java.lang.String io.openliberty.sample.system.MyHttpClient.doGet(java.lang.String)'
	at io.openliberty.sample.system.ExternalHttpCall.doExternalHttpCall(ExternalHttpCall.java:50)
	at io.openliberty.sample.system.ExternalHttpCall$Proxy$_$$_WeldSubclass.doExternalHttpCall$$super(Unknown Source)
	at java.base/jdk.internal.reflect.DirectMethodHandleAccessor.invoke(DirectMethodHandleAccessor.java:103)
	at java.base/java.lang.reflect.Method.invoke(Method.java:580)
	at org.jboss.weld.interceptor.proxy.TerminalAroundInvokeInvocationContext.proceedInternal(TerminalAroundInvokeInvocationContext.java:51)
	at org.jboss.weld.interceptor.proxy.AroundInvokeInvocationContext.proceed(AroundInvokeInvocationContext.java:78)
	at io.smallrye.metrics.legacyapi.interceptors.TimedInterceptor.timedCallable(TimedInterceptor.java:75)
	at io.smallrye.metrics.legacyapi.interceptors.TimedInterceptor.timedMethod(TimedInterceptor.java:40)
	at java.base/jdk.internal.reflect.DirectMethodHandleAccessor.invoke(DirectMethodHandleAccessor.java:103)
	at java.base/java.lang.reflect.Method.invoke(Method.java:580)
	at org.jboss.weld.interceptor.reader.SimpleInterceptorInvocation$SimpleMethodInvocation.invoke(SimpleInterceptorInvocation.java:73)
	at org.jboss.weld.interceptor.proxy.NonTerminalAroundInvokeInvocationContext.proceedInternal(NonTerminalAroundInvokeInvocationContext.java:66)
	at org.jboss.weld.interceptor.proxy.AroundInvokeInvocationContext.proceed(AroundInvokeInvocationContext.java:78)
	at io.smallrye.metrics.legacyapi.interceptors.CountedInterceptor.countedCallable(CountedInterceptor.java:71)
	at io.smallrye.metrics.legacyapi.interceptors.CountedInterceptor.countedMethod(CountedInterceptor.java:38)
	at java.base/jdk.internal.reflect.DirectMethodHandleAccessor.invoke(DirectMethodHandleAccessor.java:103)
	at java.base/java.lang.reflect.Method.invoke(Method.java:580)
	at org.jboss.weld.interceptor.reader.SimpleInterceptorInvocation$SimpleMethodInvocation.invoke(SimpleInterceptorInvocation.java:73)
	at org.jboss.weld.interceptor.proxy.InterceptorMethodHandler.executeAroundInvoke(InterceptorMethodHandler.java:84)
	at org.jboss.weld.interceptor.proxy.InterceptorMethodHandler.executeInterception(InterceptorMethodHandler.java:72)
	at org.jboss.weld.interceptor.proxy.InterceptorMethodHandler.invoke(InterceptorMethodHandler.java:56)
	at org.jboss.weld.bean.proxy.CombinedInterceptorAndDecoratorStackMethodHandler.invoke(CombinedInterceptorAndDecoratorStackMethodHandler.java:79)
	at org.jboss.weld.bean.proxy.CombinedInterceptorAndDecoratorStackMethodHandler.invoke(CombinedInterceptorAndDecoratorStackMethodHandler.java:68)
	at io.openliberty.sample.system.ExternalHttpCall$Proxy$_$$_WeldSubclass.doExternalHttpCall(Unknown Source)
	at io.openliberty.sample.system.ExternalHttpCall$Proxy$_$$_WeldClientProxy.doExternalHttpCall(Unknown Source)
	at java.base/jdk.internal.reflect.DirectMethodHandleAccessor.invoke(DirectMethodHandleAccessor.java:103)
	at java.base/java.lang.reflect.Method.invoke(Method.java:580)
	at org.jboss.resteasy.core.MethodInjectorImpl.invoke(MethodInjectorImpl.java:154)
	at org.jboss.resteasy.core.MethodInjectorImpl.invoke(MethodInjectorImpl.java:118)
	at org.jboss.resteasy.core.ResourceMethodInvoker.internalInvokeOnTarget(ResourceMethodInvoker.java:560)
	at org.jboss.resteasy.core.ResourceMethodInvoker.invokeOnTargetAfterFilter(ResourceMethodInvoker.java:452)
	at org.jboss.resteasy.core.ResourceMethodInvoker.lambda$invokeOnTarget$2(ResourceMethodInvoker.java:413)
	at org.jboss.resteasy.core.interception.jaxrs.PreMatchContainerRequestContext.filter(PreMatchContainerRequestContext.java:385)
	at org.jboss.resteasy.core.ResourceMethodInvoker.invokeOnTarget(ResourceMethodInvoker.java:415)
	at org.jboss.resteasy.core.ResourceMethodInvoker.invoke(ResourceMethodInvoker.java:378)
	at org.jboss.resteasy.core.ResourceMethodInvoker.invoke(ResourceMethodInvoker.java:356)
	at org.jboss.resteasy.core.ResourceMethodInvoker.invoke(ResourceMethodInvoker.java:70)
	at org.jboss.resteasy.core.SynchronousDispatcher.invoke(SynchronousDispatcher.java:429)
	at org.jboss.resteasy.core.SynchronousDispatcher.lambda$invoke$4(SynchronousDispatcher.java:240)
	at org.jboss.resteasy.core.SynchronousDispatcher.lambda$preprocess$0(SynchronousDispatcher.java:154)
	at org.jboss.resteasy.core.interception.jaxrs.PreMatchContainerRequestContext.filter(PreMatchContainerRequestContext.java:385)
	at org.jboss.resteasy.core.SynchronousDispatcher.preprocess(SynchronousDispatcher.java:157)
	at org.jboss.resteasy.core.SynchronousDispatcher.invoke(SynchronousDispatcher.java:229)
	at org.jboss.resteasy.plugins.server.servlet.ServletContainerDispatcher.service(ServletContainerDispatcher.java:245)
	at org.jboss.resteasy.plugins.server.servlet.HttpServletDispatcher.service(HttpServletDispatcher.java:55)
	at org.jboss.resteasy.plugins.server.servlet.HttpServletDispatcher.service(HttpServletDispatcher.java:51)
	at jakarta.servlet.http.HttpServlet.service(HttpServlet.java:614)
	at com.ibm.ws.webcontainer.servlet.ServletWrapper.service(ServletWrapper.java:1266)
	at com.ibm.ws.webcontainer.servlet.ServletWrapper.handleRequest(ServletWrapper.java:754)
	at com.ibm.ws.webcontainer.servlet.ServletWrapper.handleRequest(ServletWrapper.java:451)
	at com.ibm.ws.webcontainer.filter.WebAppFilterChain.invokeTarget(WebAppFilterChain.java:197)
	at com.ibm.ws.webcontainer.filter.WebAppFilterChain.doFilter(WebAppFilterChain.java:100)
	at io.openliberty.http.monitor.ServletFilter.doFilter(ServletFilter.java:76)
	at com.ibm.ws.webcontainer.filter.FilterInstanceWrapper.doFilter(FilterInstanceWrapper.java:203)
	at com.ibm.ws.webcontainer.filter.WebAppFilterChain.doFilter(WebAppFilterChain.java:93)
	at com.ibm.ws.webcontainer.filter.WebAppFilterManager.doFilter(WebAppFilterManager.java:1069)
	at com.ibm.ws.webcontainer.filter.WebAppFilterManager.invokeFilters(WebAppFilterManager.java:1260)
	at com.ibm.ws.webcontainer.webapp.WebApp.handleRequest(WebApp.java:5096)
	at com.ibm.ws.webcontainer.osgi.DynamicVirtualHost$2.handleRequest(DynamicVirtualHost.java:328)
	at com.ibm.ws.webcontainer.WebContainer.handleRequest(WebContainer.java:1047)
	at com.ibm.ws.webcontainer.osgi.DynamicVirtualHost$2.run(DynamicVirtualHost.java:293)
	at com.ibm.ws.http.dispatcher.internal.channel.HttpDispatcherLink$TaskWrapper.run(HttpDispatcherLink.java:1260)
	at com.ibm.ws.http.dispatcher.internal.channel.HttpDispatcherLink.wrapHandlerAndExecute(HttpDispatcherLink.java:476)
	at com.ibm.ws.http.dispatcher.internal.channel.HttpDispatcherLink.ready(HttpDispatcherLink.java:435)
	at com.ibm.ws.http.channel.internal.inbound.HttpInboundLink.handleDiscrimination(HttpInboundLink.java:569)
	at com.ibm.ws.http.channel.internal.inbound.HttpInboundLink.handleNewRequest(HttpInboundLink.java:503)
	at com.ibm.ws.http.channel.internal.inbound.HttpInboundLink.processRequest(HttpInboundLink.java:363)
	at com.ibm.ws.http.channel.internal.inbound.HttpInboundLink.ready(HttpInboundLink.java:330)
	at com.ibm.ws.tcpchannel.internal.NewConnectionInitialReadCallback.sendToDiscriminators(NewConnectionInitialReadCallback.java:169)
	at com.ibm.ws.tcpchannel.internal.NewConnectionInitialReadCallback.complete(NewConnectionInitialReadCallback.java:77)
	at com.ibm.ws.tcpchannel.internal.WorkQueueManager.requestComplete(WorkQueueManager.java:516)
	at com.ibm.ws.tcpchannel.internal.WorkQueueManager.attemptIO(WorkQueueManager.java:586)
	at com.ibm.ws.tcpchannel.internal.WorkQueueManager.workerRun(WorkQueueManager.java:970)
	at com.ibm.ws.tcpchannel.internal.WorkQueueManager$Worker.run(WorkQueueManager.java:1059)
	at com.ibm.ws.threading.internal.ExecutorServiceImpl$RunnableWrapper.run(ExecutorServiceImpl.java:298)
	at java.base/java.util.concurrent.ThreadPoolExecutor.runWorker(ThreadPoolExecutor.java:1144)
	at java.base/java.util.concurrent.ThreadPoolExecutor$Worker.run(ThreadPoolExecutor.java:642)
	at java.base/java.lang.Thread.run(Thread.java:1583)

